# JRE version: Java(TM) SE Runtime Environment (8.0_331-b09) (build 1.8.0_331-b09)
# Java VM: Java HotSpot(TM) 64-Bit Server VM (25.331-b09 mixed mode windows-amd64 compressed oops)
Heap:
 PSYoungGen      total 141824K, used 19144K [0x000000076b000000, 0x000000077b500000, 0x00000007c0000000)
  eden space 131072K, 12% used [0x000000076b000000,0x000000076bf61df8,0x0000000773000000)
  from space 10752K, 31% used [0x0000000773000000,0x0000000773350400,0x0000000773a80000)
  to   space 26112K, 0% used [0x0000000779b80000,0x0000000779b80000,0x000000077b500000)
 ParOldGen       total 118784K, used 19921K [0x00000006c1000000, 0x00000006c8400000, 0x000000076b000000)
  object space 118784K, 16% used [0x00000006c1000000,0x00000006c2374570,0x00000006c8400000)
 Metaspace       used 23030K, capacity 23430K, committed 23552K, reserved 1069056K
  class space    used 2884K, capacity 2993K, committed 3072K, reserved 1048576K
GC Heap History (10 events):
Event: 1.216 GC heap before
{Heap before GC invocations=2 (full 0):
 PSYoungGen      total 76288K, used 76278K [0x000000076b000000, 0x0000000770500000, 0x00000007c0000000)
  eden space 65536K, 100% used [0x000000076b000000,0x000000076f000000,0x000000076f000000)
  from space 10752K, 99% used [0x000000076f000000,0x000000076fa7d9f0,0x000000076fa80000)
  to   space 10752K, 0% used [0x000000076fa80000,0x000000076fa80000,0x0000000770500000)
 ParOldGen       total 175104K, used 3787K [0x00000006c1000000, 0x00000006cbb00000, 0x000000076b000000)
  object space 175104K, 2% used [0x00000006c1000000,0x00000006c13b2e88,0x00000006cbb00000)
 Metaspace       used 14708K, capacity 14858K, committed 15104K, reserved 1062912K
  class space    used 1888K, capacity 1951K, committed 2048K, reserved 1048576K
Event: 1.225 GC heap after
Heap after GC invocations=2 (full 0):
 PSYoungGen      total 76288K, used 10728K [0x000000076b000000, 0x0000000774500000, 0x00000007c0000000)
  eden space 65536K, 0% used [0x000000076b000000,0x000000076b000000,0x000000076f000000)
  from space 10752K, 99% used [0x000000076fa80000,0x00000007704fa0c8,0x0000000770500000)
  to   space 10752K, 0% used [0x000000076f000000,0x000000076f000000,0x000000076fa80000)
 ParOldGen       total 175104K, used 13373K [0x00000006c1000000, 0x00000006cbb00000, 0x000000076b000000)
  object space 175104K, 7% used [0x00000006c1000000,0x00000006c1d0f7d8,0x00000006cbb00000)
 Metaspace       used 14708K, capacity 14858K, committed 15104K, reserved 1062912K
  class space    used 1888K, capacity 1951K, committed 2048K, reserved 1048576K
}
Event: 1.981 GC heap before
{Heap before GC invocations=3 (full 0):
 PSYoungGen      total 76288K, used 76264K [0x000000076b000000, 0x0000000774500000, 0x00000007c0000000)
  eden space 65536K, 100% used [0x000000076b000000,0x000000076f000000,0x000000076f000000)
  from space 10752K, 99% used [0x000000076fa80000,0x00000007704fa0c8,0x0000000770500000)
  to   space 10752K, 0% used [0x000000076f000000,0x000000076f000000,0x000000076fa80000)
 ParOldGen       total 175104K, used 13373K [0x00000006c1000000, 0x00000006cbb00000, 0x000000076b000000)
  object space 175104K, 7% used [0x00000006c1000000,0x00000006c1d0f7d8,0x00000006cbb00000)
 Metaspace       used 20209K, capacity 20498K, committed 20608K, reserved 1067008K
  class space    used 2579K, capacity 2655K, committed 2688K, reserved 1048576K
Event: 1.990 GC heap after
Heap after GC invocations=3 (full 0):
 PSYoungGen      total 76288K, used 10744K [0x000000076b000000, 0x0000000774500000, 0x00000007c0000000)
  eden space 65536K, 0% used [0x000000076b000000,0x000000076b000000,0x000000076f000000)
  from space 10752K, 99% used [0x000000076f000000,0x000000076fa7e0f8,0x000000076fa80000)
  to   space 10752K, 0% used [0x0000000773a80000,0x0000000773a80000,0x0000000774500000)
 ParOldGen       total 175104K, used 22515K [0x00000006c1000000, 0x00000006cbb00000, 0x000000076b000000)
  object space 175104K, 12% used [0x00000006c1000000,0x00000006c25fcf10,0x00000006cbb00000)
 Metaspace       used 20209K, capacity 20498K, committed 20608K, reserved 1067008K
  class space    used 2579K, capacity 2655K, committed 2688K, reserved 1048576K
}
Event: 2.032 GC heap before
{Heap before GC invocations=4 (full 0):
 PSYoungGen      total 76288K, used 15551K [0x000000076b000000, 0x0000000774500000, 0x00000007c0000000)
  eden space 65536K, 7% used [0x000000076b000000,0x000000076b4b1e38,0x000000076f000000)
  from space 10752K, 99% used [0x000000076f000000,0x000000076fa7e0f8,0x000000076fa80000)
  to   space 10752K, 0% used [0x0000000773a80000,0x0000000773a80000,0x0000000774500000)
 ParOldGen       total 175104K, used 22515K [0x00000006c1000000, 0x00000006cbb00000, 0x000000076b000000)
  object space 175104K, 12% used [0x00000006c1000000,0x00000006c25fcf10,0x00000006cbb00000)
 Metaspace       used 20839K, capacity 21136K, committed 21248K, reserved 1067008K
  class space    used 2659K, capacity 2760K, committed 2816K, reserved 1048576K
Event: 2.039 GC heap after
Heap after GC invocations=4 (full 0):
 PSYoungGen      total 141824K, used 10736K [0x000000076b000000, 0x0000000774500000, 0x00000007c0000000)
  eden space 131072K, 0% used [0x000000076b000000,0x000000076b000000,0x0000000773000000)
  from space 10752K, 99% used [0x0000000773a80000,0x00000007744fc060,0x0000000774500000)
  to   space 10752K, 0% used [0x0000000773000000,0x0000000773000000,0x0000000773a80000)
 ParOldGen       total 175104K, used 22749K [0x00000006c1000000, 0x00000006cbb00000, 0x000000076b000000)
  object space 175104K, 12% used [0x00000006c1000000,0x00000006c26376e8,0x00000006cbb00000)
 Metaspace       used 20839K, capacity 21136K, committed 21248K, reserved 1067008K
  class space    used 2659K, capacity 2760K, committed 2816K, reserved 1048576K
}
Event: 2.039 GC heap before
{Heap before GC invocations=5 (full 1):
 PSYoungGen      total 141824K, used 10736K [0x000000076b000000, 0x0000000774500000, 0x00000007c0000000)
  eden space 131072K, 0% used [0x000000076b000000,0x000000076b000000,0x0000000773000000)
  from space 10752K, 99% used [0x0000000773a80000,0x00000007744fc060,0x0000000774500000)
  to   space 10752K, 0% used [0x0000000773000000,0x0000000773000000,0x0000000773a80000)
 ParOldGen       total 175104K, used 22749K [0x00000006c1000000, 0x00000006cbb00000, 0x000000076b000000)
  object space 175104K, 12% used [0x00000006c1000000,0x00000006c26376e8,0x00000006cbb00000)
 Metaspace       used 20839K, capacity 21136K, committed 21248K, reserved 1067008K
  class space    used 2659K, capacity 2760K, committed 2816K, reserved 1048576K
Event: 2.075 GC heap after
Heap after GC invocations=5 (full 1):
 PSYoungGen      total 141824K, used 0K [0x000000076b000000, 0x0000000774500000, 0x00000007c0000000)
  eden space 131072K, 0% used [0x000000076b000000,0x000000076b000000,0x0000000773000000)
  from space 10752K, 0% used [0x0000000773a80000,0x0000000773a80000,0x0000000774500000)
  to   space 10752K, 0% used [0x0000000773000000,0x0000000773000000,0x0000000773a80000)
 ParOldGen       total 118784K, used 19913K [0x00000006c1000000, 0x00000006c8400000, 0x000000076b000000)
  object space 118784K, 16% used [0x00000006c1000000,0x00000006c2372570,0x00000006c8400000)
 Metaspace       used 20839K, capacity 21136K, committed 21248K, reserved 1067008K
  class space    used 2659K, capacity 2760K, committed 2816K, reserved 1048576K
}
Event: 4.738 GC heap before
{Heap before GC invocations=6 (full 1):
 PSYoungGen      total 141824K, used 131072K [0x000000076b000000, 0x0000000774500000, 0x00000007c0000000)
  eden space 131072K, 100% used [0x000000076b000000,0x0000000773000000,0x0000000773000000)
  from space 10752K, 0% used [0x0000000773a80000,0x0000000773a80000,0x0000000774500000)
  to   space 10752K, 0% used [0x0000000773000000,0x0000000773000000,0x0000000773a80000)
 ParOldGen       total 118784K, used 19913K [0x00000006c1000000, 0x00000006c8400000, 0x000000076b000000)
  object space 118784K, 16% used [0x00000006c1000000,0x00000006c2372570,0x00000006c8400000)
 Metaspace       used 22145K, capacity 22470K, committed 22656K, reserved 1069056K
  class space    used 2787K, capacity 2865K, committed 2944K, reserved 1048576K
Event: 4.741 GC heap after
Heap after GC invocations=6 (full 1):
 PSYoungGen      total 141824K, used 3393K [0x000000076b000000, 0x000000077b500000, 0x00000007c0000000)
  eden space 131072K, 0% used [0x000000076b000000,0x000000076b000000,0x0000000773000000)
  from space 10752K, 31% used [0x0000000773000000,0x0000000773350400,0x0000000773a80000)
  to   space 26112K, 0% used [0x0000000779b80000,0x0000000779b80000,0x000000077b500000)
 ParOldGen       total 118784K, used 19921K [0x00000006c1000000, 0x00000006c8400000, 0x000000076b000000)
  object space 118784K, 16% used [0x00000006c1000000,0x00000006c2374570,0x00000006c8400000)
 Metaspace       used 22145K, capacity 22470K, committed 22656K, reserved 1069056K
  class space    used 2787K, capacity 2865K, committed 2944K, reserved 1048576K
}

